Arguments: 
  /usr/local/bin/node /usr/local/Cellar/yarn/1.5.1_1/libexec/bin/yarn.js run start

PATH: 
  /usr/local/opt/pcsc-lite/sbin:/usr/local/opt/pcsc-lite/bin:/usr/local/opt/pcsc-lite/sbin:/usr/local/opt/pcsc-lite/bin:/usr/local/opt/pcsc-lite/bin:/usr/local/sbin:/usr/local/bin:/usr/bin:/bin:/usr/sbin:/sbin:/Library/TeX/texbin:/usr/local/share/dotnet:/opt/X11/bin:~/.dotnet/tools

Yarn version: 
  1.5.1

Node version: 
  8.10.0

Platform: 
  darwin x64

npm manifest: 
  {
    "name": "unxisocketdemo",
    "version": "1.0.0",
    "description": "",
    "main": "index.js",
    "scripts": {
      "test": "echo \"Error: no test specified\" && exit 1"
    },
    "author": "Noah Winneberger",
    "license": "ISC",
    "dependencies": {
      "net": "^1.0.2",
      "web3": "^1.0.0-beta.37"
    }
  }

yarn manifest: 
  No manifest

Lockfile: 
  # THIS IS AN AUTOGENERATED FILE. DO NOT EDIT THIS FILE DIRECTLY.
  # yarn lockfile v1
  
  
  "@babel/runtime@^7.3.1":
    version "7.4.4"
    resolved "https://registry.yarnpkg.com/@babel/runtime/-/runtime-7.4.4.tgz#dc2e34982eb236803aa27a07fea6857af1b9171d"
    dependencies:
      regenerator-runtime "^0.13.2"
  
  "@types/bn.js@^4.11.4":
    version "4.11.5"
    resolved "https://registry.yarnpkg.com/@types/bn.js/-/bn.js-4.11.5.tgz#40e36197433f78f807524ec623afcf0169ac81dc"
    dependencies:
      "@types/node" "*"
  
  "@types/node@*":
    version "12.0.2"
    resolved "https://registry.yarnpkg.com/@types/node/-/node-12.0.2.tgz#3452a24edf9fea138b48fad4a0a028a683da1e40"
  
  "@types/node@^10.12.18", "@types/node@^10.3.2":
    version "10.14.6"
    resolved "https://registry.yarnpkg.com/@types/node/-/node-10.14.6.tgz#9cbfcb62c50947217f4d88d4d274cc40c22625a9"
  
  aes-js@3.0.0:
    version "3.0.0"
    resolved "https://registry.yarnpkg.com/aes-js/-/aes-js-3.0.0.tgz#e21df10ad6c2053295bcbb8dab40b09dbea87e4d"
  
  bindings@^1.2.1, bindings@^1.5.0:
    version "1.5.0"
    resolved "https://registry.yarnpkg.com/bindings/-/bindings-1.5.0.tgz#10353c9e945334bc0511a6d90b38fbc7c9c504df"
    dependencies:
      file-uri-to-path "1.0.0"
  
  bip66@^1.1.5:
    version "1.1.5"
    resolved "https://registry.yarnpkg.com/bip66/-/bip66-1.1.5.tgz#01fa8748785ca70955d5011217d1b3139969ca22"
    dependencies:
      safe-buffer "^5.0.1"
  
  bn.js@4.11.6:
    version "4.11.6"
    resolved "https://registry.yarnpkg.com/bn.js/-/bn.js-4.11.6.tgz#53344adb14617a13f6e8dd2ce28905d1c0ba3215"
  
  bn.js@4.11.8, bn.js@^4.11.0, bn.js@^4.11.1, bn.js@^4.11.6, bn.js@^4.11.8, bn.js@^4.4.0:
    version "4.11.8"
    resolved "https://registry.yarnpkg.com/bn.js/-/bn.js-4.11.8.tgz#2cde09eb5ee341f484746bb0309b3253b1b1442f"
  
  brorand@^1.0.1:
    version "1.1.0"
    resolved "https://registry.yarnpkg.com/brorand/-/brorand-1.1.0.tgz#12c25efe40a45e3c323eb8675a0a0ce57b22371f"
  
  browserify-aes@^1.0.4, browserify-aes@^1.0.6:
    version "1.2.0"
    resolved "https://registry.yarnpkg.com/browserify-aes/-/browserify-aes-1.2.0.tgz#326734642f403dabc3003209853bb70ad428ef48"
    dependencies:
      buffer-xor "^1.0.3"
      cipher-base "^1.0.0"
      create-hash "^1.1.0"
      evp_bytestokey "^1.0.3"
      inherits "^2.0.1"
      safe-buffer "^5.0.1"
  
  browserify-cipher@^1.0.1:
    version "1.0.1"
    resolved "https://registry.yarnpkg.com/browserify-cipher/-/browserify-cipher-1.0.1.tgz#8d6474c1b870bfdabcd3bcfcc1934a10e94f15f0"
    dependencies:
      browserify-aes "^1.0.4"
      browserify-des "^1.0.0"
      evp_bytestokey "^1.0.0"
  
  browserify-des@^1.0.0:
    version "1.0.2"
    resolved "https://registry.yarnpkg.com/browserify-des/-/browserify-des-1.0.2.tgz#3af4f1f59839403572f1c66204375f7a7f703e9c"
    dependencies:
      cipher-base "^1.0.1"
      des.js "^1.0.0"
      inherits "^2.0.1"
      safe-buffer "^5.1.2"
  
  buffer-to-arraybuffer@^0.0.5:
    version "0.0.5"
    resolved "https://registry.yarnpkg.com/buffer-to-arraybuffer/-/buffer-to-arraybuffer-0.0.5.tgz#6064a40fa76eb43c723aba9ef8f6e1216d10511a"
  
  buffer-xor@^1.0.3:
    version "1.0.3"
    resolved "https://registry.yarnpkg.com/buffer-xor/-/buffer-xor-1.0.3.tgz#26e61ed1422fb70dd42e6e36729ed51d855fe8d9"
  
  cipher-base@^1.0.0, cipher-base@^1.0.1, cipher-base@^1.0.3:
    version "1.0.4"
    resolved "https://registry.yarnpkg.com/cipher-base/-/cipher-base-1.0.4.tgz#8760e4ecc272f4c363532f926d874aae2c1397de"
    dependencies:
      inherits "^2.0.1"
      safe-buffer "^5.0.1"
  
  cookiejar@^2.1.1:
    version "2.1.2"
    resolved "https://registry.yarnpkg.com/cookiejar/-/cookiejar-2.1.2.tgz#dd8a235530752f988f9a0844f3fc589e3111125c"
  
  create-hash@^1.1.0, create-hash@^1.1.2, create-hash@^1.2.0:
    version "1.2.0"
    resolved "https://registry.yarnpkg.com/create-hash/-/create-hash-1.2.0.tgz#889078af11a63756bcfb59bd221996be3a9ef196"
    dependencies:
      cipher-base "^1.0.1"
      inherits "^2.0.1"
      md5.js "^1.3.4"
      ripemd160 "^2.0.1"
      sha.js "^2.4.0"
  
  create-hmac@^1.1.4:
    version "1.1.7"
    resolved "https://registry.yarnpkg.com/create-hmac/-/create-hmac-1.1.7.tgz#69170c78b3ab957147b2b8b04572e47ead2243ff"
    dependencies:
      cipher-base "^1.0.3"
      create-hash "^1.1.0"
      inherits "^2.0.1"
      ripemd160 "^2.0.0"
      safe-buffer "^5.0.1"
      sha.js "^2.4.8"
  
  debug@^2.2.0:
    version "2.6.9"
    resolved "https://registry.yarnpkg.com/debug/-/debug-2.6.9.tgz#5d128515df134ff327e90a4c93f4e077a536341f"
    dependencies:
      ms "2.0.0"
  
  decode-uri-component@^0.2.0:
    version "0.2.0"
    resolved "https://registry.yarnpkg.com/decode-uri-component/-/decode-uri-component-0.2.0.tgz#eb3913333458775cb84cd1a1fae062106bb87545"
  
  decompress-response@^3.3.0:
    version "3.3.0"
    resolved "https://registry.yarnpkg.com/decompress-response/-/decompress-response-3.3.0.tgz#80a4dd323748384bfa248083622aedec982adff3"
    dependencies:
      mimic-response "^1.0.0"
  
  define-properties@^1.1.2:
    version "1.1.3"
    resolved "https://registry.yarnpkg.com/define-properties/-/define-properties-1.1.3.tgz#cf88da6cbee26fe6db7094f61d870cbd84cee9f1"
    dependencies:
      object-keys "^1.0.12"
  
  des.js@^1.0.0:
    version "1.0.0"
    resolved "https://registry.yarnpkg.com/des.js/-/des.js-1.0.0.tgz#c074d2e2aa6a8a9a07dbd61f9a15c2cd83ec8ecc"
    dependencies:
      inherits "^2.0.1"
      minimalistic-assert "^1.0.0"
  
  dom-walk@^0.1.0:
    version "0.1.1"
    resolved "https://registry.yarnpkg.com/dom-walk/-/dom-walk-0.1.1.tgz#672226dc74c8f799ad35307df936aba11acd6018"
  
  drbg.js@^1.0.1:
    version "1.0.1"
    resolved "https://registry.yarnpkg.com/drbg.js/-/drbg.js-1.0.1.tgz#3e36b6c42b37043823cdbc332d58f31e2445480b"
    dependencies:
      browserify-aes "^1.0.6"
      create-hash "^1.1.2"
      create-hmac "^1.1.4"
  
  elliptic@6.3.3:
    version "6.3.3"
    resolved "https://registry.yarnpkg.com/elliptic/-/elliptic-6.3.3.tgz#5482d9646d54bcb89fd7d994fc9e2e9568876e3f"
    dependencies:
      bn.js "^4.4.0"
      brorand "^1.0.1"
      hash.js "^1.0.0"
      inherits "^2.0.1"
  
  elliptic@^6.4.0, elliptic@^6.4.1:
    version "6.4.1"
    resolved "https://registry.yarnpkg.com/elliptic/-/elliptic-6.4.1.tgz#c2d0b7776911b86722c632c3c06c60f2f819939a"
    dependencies:
      bn.js "^4.4.0"
      brorand "^1.0.1"
      hash.js "^1.0.0"
      hmac-drbg "^1.0.0"
      inherits "^2.0.1"
      minimalistic-assert "^1.0.0"
      minimalistic-crypto-utils "^1.0.0"
  
  es-abstract@^1.5.0:
    version "1.13.0"
    resolved "https://registry.yarnpkg.com/es-abstract/-/es-abstract-1.13.0.tgz#ac86145fdd5099d8dd49558ccba2eaf9b88e24e9"
    dependencies:
      es-to-primitive "^1.2.0"
      function-bind "^1.1.1"
      has "^1.0.3"
      is-callable "^1.1.4"
      is-regex "^1.0.4"
      object-keys "^1.0.12"
  
  es-to-primitive@^1.2.0:
    version "1.2.0"
    resolved "https://registry.yarnpkg.com/es-to-primitive/-/es-to-primitive-1.2.0.tgz#edf72478033456e8dda8ef09e00ad9650707f377"
    dependencies:
      is-callable "^1.1.4"
      is-date-object "^1.0.1"
      is-symbol "^1.0.2"
  
  eth-ens-namehash@2.0.8:
    version "2.0.8"
    resolved "https://registry.yarnpkg.com/eth-ens-namehash/-/eth-ens-namehash-2.0.8.tgz#229ac46eca86d52e0c991e7cb2aef83ff0f68bcf"
    dependencies:
      idna-uts46-hx "^2.3.1"
      js-sha3 "^0.5.7"
  
  eth-lib@0.2.8:
    version "0.2.8"
    resolved "https://registry.yarnpkg.com/eth-lib/-/eth-lib-0.2.8.tgz#b194058bef4b220ad12ea497431d6cb6aa0623c8"
    dependencies:
      bn.js "^4.11.6"
      elliptic "^6.4.0"
      xhr-request-promise "^0.1.2"
  
  ethereum-common@^0.0.18:
    version "0.0.18"
    resolved "https://registry.yarnpkg.com/ethereum-common/-/ethereum-common-0.0.18.tgz#2fdc3576f232903358976eb39da783213ff9523f"
  
  ethereumjs-tx@^1.3.7:
    version "1.3.7"
    resolved "https://registry.yarnpkg.com/ethereumjs-tx/-/ethereumjs-tx-1.3.7.tgz#88323a2d875b10549b8347e09f4862b546f3d89a"
    dependencies:
      ethereum-common "^0.0.18"
      ethereumjs-util "^5.0.0"
  
  ethereumjs-util@^5.0.0:
    version "5.2.0"
    resolved "https://registry.yarnpkg.com/ethereumjs-util/-/ethereumjs-util-5.2.0.tgz#3e0c0d1741471acf1036052d048623dee54ad642"
    dependencies:
      bn.js "^4.11.0"
      create-hash "^1.1.2"
      ethjs-util "^0.1.3"
      keccak "^1.0.2"
      rlp "^2.0.0"
      safe-buffer "^5.1.1"
      secp256k1 "^3.0.1"
  
  ethers@^4.0.27:
    version "4.0.27"
    resolved "https://registry.yarnpkg.com/ethers/-/ethers-4.0.27.tgz#e570b0da9d805ad65c83d81919abe02b2264c6bf"
    dependencies:
      "@types/node" "^10.3.2"
      aes-js "3.0.0"
      bn.js "^4.4.0"
      elliptic "6.3.3"
      hash.js "1.1.3"
      js-sha3 "0.5.7"
      scrypt-js "2.0.4"
      setimmediate "1.0.4"
      uuid "2.0.1"
      xmlhttprequest "1.8.0"
  
  ethjs-unit@^0.1.6:
    version "0.1.6"
    resolved "https://registry.yarnpkg.com/ethjs-unit/-/ethjs-unit-0.1.6.tgz#c665921e476e87bce2a9d588a6fe0405b2c41699"
    dependencies:
      bn.js "4.11.6"
      number-to-bn "1.7.0"
  
  ethjs-util@^0.1.3:
    version "0.1.6"
    resolved "https://registry.yarnpkg.com/ethjs-util/-/ethjs-util-0.1.6.tgz#f308b62f185f9fe6237132fb2a9818866a5cd536"
    dependencies:
      is-hex-prefixed "1.0.0"
      strip-hex-prefix "1.0.0"
  
  eventemitter3@3.1.0:
    version "3.1.0"
    resolved "https://registry.yarnpkg.com/eventemitter3/-/eventemitter3-3.1.0.tgz#090b4d6cdbd645ed10bf750d4b5407942d7ba163"
  
  eventemitter3@^3.1.0:
    version "3.1.2"
    resolved "https://registry.yarnpkg.com/eventemitter3/-/eventemitter3-3.1.2.tgz#2d3d48f9c346698fce83a85d7d664e98535df6e7"
  
  evp_bytestokey@^1.0.0, evp_bytestokey@^1.0.3:
    version "1.0.3"
    resolved "https://registry.yarnpkg.com/evp_bytestokey/-/evp_bytestokey-1.0.3.tgz#7fcbdb198dc71959432efe13842684e0525acb02"
    dependencies:
      md5.js "^1.3.4"
      safe-buffer "^5.1.1"
  
  file-uri-to-path@1.0.0:
    version "1.0.0"
    resolved "https://registry.yarnpkg.com/file-uri-to-path/-/file-uri-to-path-1.0.0.tgz#553a7b8446ff6f684359c445f1e37a05dacc33dd"
  
  for-each@^0.3.3:
    version "0.3.3"
    resolved "https://registry.yarnpkg.com/for-each/-/for-each-0.3.3.tgz#69b447e88a0a5d32c3e7084f3f1710034b21376e"
    dependencies:
      is-callable "^1.1.3"
  
  function-bind@^1.0.2, function-bind@^1.1.1:
    version "1.1.1"
    resolved "https://registry.yarnpkg.com/function-bind/-/function-bind-1.1.1.tgz#a56899d3ea3c9bab874bb9773b7c5ede92f4895d"
  
  global@~4.3.0:
    version "4.3.2"
    resolved "https://registry.yarnpkg.com/global/-/global-4.3.2.tgz#e76989268a6c74c38908b1305b10fc0e394e9d0f"
    dependencies:
      min-document "^2.19.0"
      process "~0.5.1"
  
  has-symbols@^1.0.0:
    version "1.0.0"
    resolved "https://registry.yarnpkg.com/has-symbols/-/has-symbols-1.0.0.tgz#ba1a8f1af2a0fc39650f5c850367704122063b44"
  
  has@^1.0.1, has@^1.0.3:
    version "1.0.3"
    resolved "https://registry.yarnpkg.com/has/-/has-1.0.3.tgz#722d7cbfc1f6aa8241f16dd814e011e1f41e8796"
    dependencies:
      function-bind "^1.1.1"
  
  hash-base@^3.0.0:
    version "3.0.4"
    resolved "https://registry.yarnpkg.com/hash-base/-/hash-base-3.0.4.tgz#5fc8686847ecd73499403319a6b0a3f3f6ae4918"
    dependencies:
      inherits "^2.0.1"
      safe-buffer "^5.0.1"
  
  hash.js@1.1.3:
    version "1.1.3"
    resolved "https://registry.yarnpkg.com/hash.js/-/hash.js-1.1.3.tgz#340dedbe6290187151c1ea1d777a3448935df846"
    dependencies:
      inherits "^2.0.3"
      minimalistic-assert "^1.0.0"
  
  hash.js@^1.0.0, hash.js@^1.0.3:
    version "1.1.7"
    resolved "https://registry.yarnpkg.com/hash.js/-/hash.js-1.1.7.tgz#0babca538e8d4ee4a0f8988d68866537a003cf42"
    dependencies:
      inherits "^2.0.3"
      minimalistic-assert "^1.0.1"
  
  hmac-drbg@^1.0.0:
    version "1.0.1"
    resolved "https://registry.yarnpkg.com/hmac-drbg/-/hmac-drbg-1.0.1.tgz#d2745701025a6c775a6c545793ed502fc0c649a1"
    dependencies:
      hash.js "^1.0.3"
      minimalistic-assert "^1.0.0"
      minimalistic-crypto-utils "^1.0.1"
  
  idna-uts46-hx@^2.3.1:
    version "2.3.1"
    resolved "https://registry.yarnpkg.com/idna-uts46-hx/-/idna-uts46-hx-2.3.1.tgz#a1dc5c4df37eee522bf66d969cc980e00e8711f9"
    dependencies:
      punycode "2.1.0"
  
  inherits@^2.0.1, inherits@^2.0.3:
    version "2.0.3"
    resolved "https://registry.yarnpkg.com/inherits/-/inherits-2.0.3.tgz#633c2c83e3da42a502f52466022480f4208261de"
  
  is-callable@^1.1.3, is-callable@^1.1.4:
    version "1.1.4"
    resolved "https://registry.yarnpkg.com/is-callable/-/is-callable-1.1.4.tgz#1e1adf219e1eeb684d691f9d6a05ff0d30a24d75"
  
  is-date-object@^1.0.1:
    version "1.0.1"
    resolved "https://registry.yarnpkg.com/is-date-object/-/is-date-object-1.0.1.tgz#9aa20eb6aeebbff77fbd33e74ca01b33581d3a16"
  
  is-function@^1.0.1:
    version "1.0.1"
    resolved "https://registry.yarnpkg.com/is-function/-/is-function-1.0.1.tgz#12cfb98b65b57dd3d193a3121f5f6e2f437602b5"
  
  is-hex-prefixed@1.0.0:
    version "1.0.0"
    resolved "https://registry.yarnpkg.com/is-hex-prefixed/-/is-hex-prefixed-1.0.0.tgz#7d8d37e6ad77e5d127148913c573e082d777f554"
  
  is-regex@^1.0.4:
    version "1.0.4"
    resolved "https://registry.yarnpkg.com/is-regex/-/is-regex-1.0.4.tgz#5517489b547091b0930e095654ced25ee97e9491"
    dependencies:
      has "^1.0.1"
  
  is-symbol@^1.0.2:
    version "1.0.2"
    resolved "https://registry.yarnpkg.com/is-symbol/-/is-symbol-1.0.2.tgz#a055f6ae57192caee329e7a860118b497a950f38"
    dependencies:
      has-symbols "^1.0.0"
  
  is-typedarray@^1.0.0:
    version "1.0.0"
    resolved "https://registry.yarnpkg.com/is-typedarray/-/is-typedarray-1.0.0.tgz#e479c80858df0c1b11ddda6940f96011fcda4a9a"
  
  js-sha3@0.5.7, js-sha3@^0.5.7:
    version "0.5.7"
    resolved "https://registry.yarnpkg.com/js-sha3/-/js-sha3-0.5.7.tgz#0d4ffd8002d5333aabaf4a23eed2f6374c9f28e7"
  
  keccak@^1.0.2:
    version "1.4.0"
    resolved "https://registry.yarnpkg.com/keccak/-/keccak-1.4.0.tgz#572f8a6dbee8e7b3aa421550f9e6408ca2186f80"
    dependencies:
      bindings "^1.2.1"
      inherits "^2.0.3"
      nan "^2.2.1"
      safe-buffer "^5.1.0"
  
  lodash@^4.17.11:
    version "4.17.11"
    resolved "https://registry.yarnpkg.com/lodash/-/lodash-4.17.11.tgz#b39ea6229ef607ecd89e2c8df12536891cac9b8d"
  
  md5.js@^1.3.4:
    version "1.3.5"
    resolved "https://registry.yarnpkg.com/md5.js/-/md5.js-1.3.5.tgz#b5d07b8e3216e3e27cd728d72f70d1e6a342005f"
    dependencies:
      hash-base "^3.0.0"
      inherits "^2.0.1"
      safe-buffer "^5.1.2"
  
  mimic-response@^1.0.0:
    version "1.0.1"
    resolved "https://registry.yarnpkg.com/mimic-response/-/mimic-response-1.0.1.tgz#4923538878eef42063cb8a3e3b0798781487ab1b"
  
  min-document@^2.19.0:
    version "2.19.0"
    resolved "https://registry.yarnpkg.com/min-document/-/min-document-2.19.0.tgz#7bd282e3f5842ed295bb748cdd9f1ffa2c824685"
    dependencies:
      dom-walk "^0.1.0"
  
  minimalistic-assert@^1.0.0, minimalistic-assert@^1.0.1:
    version "1.0.1"
    resolved "https://registry.yarnpkg.com/minimalistic-assert/-/minimalistic-assert-1.0.1.tgz#2e194de044626d4a10e7f7fbc00ce73e83e4d5c7"
  
  minimalistic-crypto-utils@^1.0.0, minimalistic-crypto-utils@^1.0.1:
    version "1.0.1"
    resolved "https://registry.yarnpkg.com/minimalistic-crypto-utils/-/minimalistic-crypto-utils-1.0.1.tgz#f6c00c1c0b082246e5c4d99dfb8c7c083b2b582a"
  
  ms@2.0.0:
    version "2.0.0"
    resolved "https://registry.yarnpkg.com/ms/-/ms-2.0.0.tgz#5608aeadfc00be6c2901df5f9861788de0d597c8"
  
  nan@^2.0.8, nan@^2.11.0, nan@^2.13.2, nan@^2.2.1:
    version "2.13.2"
    resolved "https://registry.yarnpkg.com/nan/-/nan-2.13.2.tgz#f51dc7ae66ba7d5d55e1e6d4d8092e802c9aefe7"
  
  net@^1.0.2:
    version "1.0.2"
    resolved "https://registry.yarnpkg.com/net/-/net-1.0.2.tgz#d1757ec9a7fb2371d83cf4755ce3e27e10829388"
  
  number-to-bn@1.7.0:
    version "1.7.0"
    resolved "https://registry.yarnpkg.com/number-to-bn/-/number-to-bn-1.7.0.tgz#bb3623592f7e5f9e0030b1977bd41a0c53fe1ea0"
    dependencies:
      bn.js "4.11.6"
      strip-hex-prefix "1.0.0"
  
  object-assign@^4.1.0, object-assign@^4.1.1:
    version "4.1.1"
    resolved "https://registry.yarnpkg.com/object-assign/-/object-assign-4.1.1.tgz#2109adc7965887cfc05cbbd442cac8bfbb360863"
  
  object-keys@^1.0.12:
    version "1.1.1"
    resolved "https://registry.yarnpkg.com/object-keys/-/object-keys-1.1.1.tgz#1c47f272df277f3b1daf061677d9c82e2322c60e"
  
  once@^1.3.1:
    version "1.4.0"
    resolved "https://registry.yarnpkg.com/once/-/once-1.4.0.tgz#583b1aa775961d4b113ac17d9c50baef9dd76bd1"
    dependencies:
      wrappy "1"
  
  parse-headers@^2.0.0:
    version "2.0.2"
    resolved "https://registry.yarnpkg.com/parse-headers/-/parse-headers-2.0.2.tgz#9545e8a4c1ae5eaea7d24992bca890281ed26e34"
    dependencies:
      for-each "^0.3.3"
      string.prototype.trim "^1.1.2"
  
  pbkdf2@^3.0.17, pbkdf2@^3.0.3:
    version "3.0.17"
    resolved "https://registry.yarnpkg.com/pbkdf2/-/pbkdf2-3.0.17.tgz#976c206530617b14ebb32114239f7b09336e93a6"
    dependencies:
      create-hash "^1.1.2"
      create-hmac "^1.1.4"
      ripemd160 "^2.0.1"
      safe-buffer "^5.0.1"
      sha.js "^2.4.8"
  
  process@~0.5.1:
    version "0.5.2"
    resolved "https://registry.yarnpkg.com/process/-/process-0.5.2.tgz#1638d8a8e34c2f440a91db95ab9aeb677fc185cf"
  
  punycode@2.1.0:
    version "2.1.0"
    resolved "https://registry.yarnpkg.com/punycode/-/punycode-2.1.0.tgz#5f863edc89b96db09074bad7947bf09056ca4e7d"
  
  query-string@^5.0.1:
    version "5.1.1"
    resolved "https://registry.yarnpkg.com/query-string/-/query-string-5.1.1.tgz#a78c012b71c17e05f2e3fa2319dd330682efb3cb"
    dependencies:
      decode-uri-component "^0.2.0"
      object-assign "^4.1.0"
      strict-uri-encode "^1.0.0"
  
  querystringify@^2.0.0:
    version "2.1.1"
    resolved "https://registry.yarnpkg.com/querystringify/-/querystringify-2.1.1.tgz#60e5a5fd64a7f8bfa4d2ab2ed6fdf4c85bad154e"
  
  randombytes@^2.1.0:
    version "2.1.0"
    resolved "https://registry.yarnpkg.com/randombytes/-/randombytes-2.1.0.tgz#df6f84372f0270dc65cdf6291349ab7a473d4f2a"
    dependencies:
      safe-buffer "^5.1.0"
  
  regenerator-runtime@^0.13.2:
    version "0.13.2"
    resolved "https://registry.yarnpkg.com/regenerator-runtime/-/regenerator-runtime-0.13.2.tgz#32e59c9a6fb9b1a4aff09b4930ca2d4477343447"
  
  requires-port@^1.0.0:
    version "1.0.0"
    resolved "https://registry.yarnpkg.com/requires-port/-/requires-port-1.0.0.tgz#925d2601d39ac485e091cf0da5c6e694dc3dcaff"
  
  ripemd160@^2.0.0, ripemd160@^2.0.1:
    version "2.0.2"
    resolved "https://registry.yarnpkg.com/ripemd160/-/ripemd160-2.0.2.tgz#a1c1a6f624751577ba5d07914cbc92850585890c"
    dependencies:
      hash-base "^3.0.0"
      inherits "^2.0.1"
  
  rlp@^2.0.0:
    version "2.2.3"
    resolved "https://registry.yarnpkg.com/rlp/-/rlp-2.2.3.tgz#7f94aef86cec412df87d5ea1d8cb116a47d45f0e"
    dependencies:
      bn.js "^4.11.1"
      safe-buffer "^5.1.1"
  
  rxjs@^6.4.0:
    version "6.5.2"
    resolved "https://registry.yarnpkg.com/rxjs/-/rxjs-6.5.2.tgz#2e35ce815cd46d84d02a209fb4e5921e051dbec7"
    dependencies:
      tslib "^1.9.0"
  
  safe-buffer@^5.0.1, safe-buffer@^5.1.0, safe-buffer@^5.1.1, safe-buffer@^5.1.2:
    version "5.1.2"
    resolved "https://registry.yarnpkg.com/safe-buffer/-/safe-buffer-5.1.2.tgz#991ec69d296e0313747d59bdfd2b745c35f8828d"
  
  scrypt-js@2.0.4:
    version "2.0.4"
    resolved "https://registry.yarnpkg.com/scrypt-js/-/scrypt-js-2.0.4.tgz#32f8c5149f0797672e551c07e230f834b6af5f16"
  
  scrypt.js@0.3.0:
    version "0.3.0"
    resolved "https://registry.yarnpkg.com/scrypt.js/-/scrypt.js-0.3.0.tgz#6c62d61728ad533c8c376a2e5e3e86d41a95c4c0"
    dependencies:
      scryptsy "^1.2.1"
    optionalDependencies:
      scrypt "^6.0.2"
  
  scrypt@^6.0.2:
    version "6.0.3"
    resolved "https://registry.yarnpkg.com/scrypt/-/scrypt-6.0.3.tgz#04e014a5682b53fa50c2d5cce167d719c06d870d"
    dependencies:
      nan "^2.0.8"
  
  scryptsy@^1.2.1:
    version "1.2.1"
    resolved "https://registry.yarnpkg.com/scryptsy/-/scryptsy-1.2.1.tgz#a3225fa4b2524f802700761e2855bdf3b2d92163"
    dependencies:
      pbkdf2 "^3.0.3"
  
  secp256k1@^3.0.1:
    version "3.7.0"
    resolved "https://registry.yarnpkg.com/secp256k1/-/secp256k1-3.7.0.tgz#e85972f847b586cc4b2acd69497d3f80afaa7505"
    dependencies:
      bindings "^1.5.0"
      bip66 "^1.1.5"
      bn.js "^4.11.8"
      create-hash "^1.2.0"
      drbg.js "^1.0.1"
      elliptic "^6.4.1"
      nan "^2.13.2"
      safe-buffer "^5.1.2"
  
  setimmediate@1.0.4:
    version "1.0.4"
    resolved "https://registry.yarnpkg.com/setimmediate/-/setimmediate-1.0.4.tgz#20e81de622d4a02588ce0c8da8973cbcf1d3138f"
  
  sha.js@^2.4.0, sha.js@^2.4.8:
    version "2.4.11"
    resolved "https://registry.yarnpkg.com/sha.js/-/sha.js-2.4.11.tgz#37a5cf0b81ecbc6943de109ba2960d1b26584ae7"
    dependencies:
      inherits "^2.0.1"
      safe-buffer "^5.0.1"
  
  simple-concat@^1.0.0:
    version "1.0.0"
    resolved "https://registry.yarnpkg.com/simple-concat/-/simple-concat-1.0.0.tgz#7344cbb8b6e26fb27d66b2fc86f9f6d5997521c6"
  
  simple-get@^2.7.0:
    version "2.8.1"
    resolved "https://registry.yarnpkg.com/simple-get/-/simple-get-2.8.1.tgz#0e22e91d4575d87620620bc91308d57a77f44b5d"
    dependencies:
      decompress-response "^3.3.0"
      once "^1.3.1"
      simple-concat "^1.0.0"
  
  strict-uri-encode@^1.0.0:
    version "1.1.0"
    resolved "https://registry.yarnpkg.com/strict-uri-encode/-/strict-uri-encode-1.1.0.tgz#279b225df1d582b1f54e65addd4352e18faa0713"
  
  string.prototype.trim@^1.1.2:
    version "1.1.2"
    resolved "https://registry.yarnpkg.com/string.prototype.trim/-/string.prototype.trim-1.1.2.tgz#d04de2c89e137f4d7d206f086b5ed2fae6be8cea"
    dependencies:
      define-properties "^1.1.2"
      es-abstract "^1.5.0"
      function-bind "^1.0.2"
  
  strip-hex-prefix@1.0.0:
    version "1.0.0"
    resolved "https://registry.yarnpkg.com/strip-hex-prefix/-/strip-hex-prefix-1.0.0.tgz#0c5f155fef1151373377de9dbb588da05500e36f"
    dependencies:
      is-hex-prefixed "1.0.0"
  
  timed-out@^4.0.1:
    version "4.0.1"
    resolved "https://registry.yarnpkg.com/timed-out/-/timed-out-4.0.1.tgz#f32eacac5a175bea25d7fab565ab3ed8741ef56f"
  
  tslib@^1.9.0:
    version "1.9.3"
    resolved "https://registry.yarnpkg.com/tslib/-/tslib-1.9.3.tgz#d7e4dd79245d85428c4d7e4822a79917954ca286"
  
  typedarray-to-buffer@^3.1.5:
    version "3.1.5"
    resolved "https://registry.yarnpkg.com/typedarray-to-buffer/-/typedarray-to-buffer-3.1.5.tgz#a97ee7a9ff42691b9f783ff1bc5112fe3fca9080"
    dependencies:
      is-typedarray "^1.0.0"
  
  url-parse@1.4.4:
    version "1.4.4"
    resolved "https://registry.yarnpkg.com/url-parse/-/url-parse-1.4.4.tgz#cac1556e95faa0303691fec5cf9d5a1bc34648f8"
    dependencies:
      querystringify "^2.0.0"
      requires-port "^1.0.0"
  
  url-set-query@^1.0.0:
    version "1.0.0"
    resolved "https://registry.yarnpkg.com/url-set-query/-/url-set-query-1.0.0.tgz#016e8cfd7c20ee05cafe7795e892bd0702faa339"
  
  utf8@2.1.1:
    version "2.1.1"
    resolved "https://registry.yarnpkg.com/utf8/-/utf8-2.1.1.tgz#2e01db02f7d8d0944f77104f1609eb0c304cf768"
  
  uuid@2.0.1:
    version "2.0.1"
    resolved "https://registry.yarnpkg.com/uuid/-/uuid-2.0.1.tgz#c2a30dedb3e535d72ccf82e343941a50ba8533ac"
  
  uuid@3.3.2:
    version "3.3.2"
    resolved "https://registry.yarnpkg.com/uuid/-/uuid-3.3.2.tgz#1b4af4955eb3077c501c23872fc6513811587131"
  
  web3-core-helpers@1.0.0-beta.55:
    version "1.0.0-beta.55"
    resolved "https://registry.yarnpkg.com/web3-core-helpers/-/web3-core-helpers-1.0.0-beta.55.tgz#832b8499889f9f514b1d174f00172fd3683d63de"
    dependencies:
      "@babel/runtime" "^7.3.1"
      lodash "^4.17.11"
      web3-core "1.0.0-beta.55"
      web3-eth-iban "1.0.0-beta.55"
      web3-utils "1.0.0-beta.55"
  
  web3-core-method@1.0.0-beta.55:
    version "1.0.0-beta.55"
    resolved "https://registry.yarnpkg.com/web3-core-method/-/web3-core-method-1.0.0-beta.55.tgz#0af994295ac2dd64ccd53305b7df8da76e11da49"
    dependencies:
      "@babel/runtime" "^7.3.1"
      eventemitter3 "3.1.0"
      lodash "^4.17.11"
      rxjs "^6.4.0"
      web3-core "1.0.0-beta.55"
      web3-core-helpers "1.0.0-beta.55"
      web3-core-subscriptions "1.0.0-beta.55"
      web3-utils "1.0.0-beta.55"
  
  web3-core-subscriptions@1.0.0-beta.55:
    version "1.0.0-beta.55"
    resolved "https://registry.yarnpkg.com/web3-core-subscriptions/-/web3-core-subscriptions-1.0.0-beta.55.tgz#105902c13db53466fc17d07a981ad3d41c700f76"
    dependencies:
      "@babel/runtime" "^7.3.1"
      eventemitter3 "^3.1.0"
      lodash "^4.17.11"
  
  web3-core@1.0.0-beta.55:
    version "1.0.0-beta.55"
    resolved "https://registry.yarnpkg.com/web3-core/-/web3-core-1.0.0-beta.55.tgz#26b9abbf1bc1837c9cc90f06ecbc4ed714f89b53"
    dependencies:
      "@babel/runtime" "^7.3.1"
      "@types/bn.js" "^4.11.4"
      "@types/node" "^10.12.18"
      lodash "^4.17.11"
      web3-core-method "1.0.0-beta.55"
      web3-providers "1.0.0-beta.55"
      web3-utils "1.0.0-beta.55"
  
  web3-eth-abi@1.0.0-beta.55:
    version "1.0.0-beta.55"
    resolved "https://registry.yarnpkg.com/web3-eth-abi/-/web3-eth-abi-1.0.0-beta.55.tgz#69250420039346105a3d0f899c0a8a53be926f97"
    dependencies:
      "@babel/runtime" "^7.3.1"
      ethers "^4.0.27"
      lodash "^4.17.11"
      web3-utils "1.0.0-beta.55"
  
  web3-eth-accounts@1.0.0-beta.55:
    version "1.0.0-beta.55"
    resolved "https://registry.yarnpkg.com/web3-eth-accounts/-/web3-eth-accounts-1.0.0-beta.55.tgz#ba734ffdc1e3cc8ac0ea01de5241323a0c2f69f3"
    dependencies:
      "@babel/runtime" "^7.3.1"
      browserify-cipher "^1.0.1"
      eth-lib "0.2.8"
      lodash "^4.17.11"
      pbkdf2 "^3.0.17"
      randombytes "^2.1.0"
      scrypt.js "0.3.0"
      uuid "3.3.2"
      web3-core "1.0.0-beta.55"
      web3-core-helpers "1.0.0-beta.55"
      web3-core-method "1.0.0-beta.55"
      web3-providers "1.0.0-beta.55"
      web3-utils "1.0.0-beta.55"
  
  web3-eth-contract@1.0.0-beta.55:
    version "1.0.0-beta.55"
    resolved "https://registry.yarnpkg.com/web3-eth-contract/-/web3-eth-contract-1.0.0-beta.55.tgz#cd9e6727ff73d648ebe7cae17516e8aec5873c65"
    dependencies:
      "@babel/runtime" "^7.3.1"
      "@types/bn.js" "^4.11.4"
      lodash "^4.17.11"
      web3-core "1.0.0-beta.55"
      web3-core-helpers "1.0.0-beta.55"
      web3-core-method "1.0.0-beta.55"
      web3-core-subscriptions "1.0.0-beta.55"
      web3-eth-abi "1.0.0-beta.55"
      web3-eth-accounts "1.0.0-beta.55"
      web3-providers "1.0.0-beta.55"
      web3-utils "1.0.0-beta.55"
  
  web3-eth-ens@1.0.0-beta.55:
    version "1.0.0-beta.55"
    resolved "https://registry.yarnpkg.com/web3-eth-ens/-/web3-eth-ens-1.0.0-beta.55.tgz#4341434a3406728212d411ae7f22d4cf5b8642fe"
    dependencies:
      "@babel/runtime" "^7.3.1"
      eth-ens-namehash "2.0.8"
      lodash "^4.17.11"
      web3-core "1.0.0-beta.55"
      web3-core-helpers "1.0.0-beta.55"
      web3-core-method "1.0.0-beta.55"
      web3-eth-abi "1.0.0-beta.55"
      web3-eth-accounts "1.0.0-beta.55"
      web3-eth-contract "1.0.0-beta.55"
      web3-net "1.0.0-beta.55"
      web3-providers "1.0.0-beta.55"
      web3-utils "1.0.0-beta.55"
  
  web3-eth-iban@1.0.0-beta.55:
    version "1.0.0-beta.55"
    resolved "https://registry.yarnpkg.com/web3-eth-iban/-/web3-eth-iban-1.0.0-beta.55.tgz#15146a69de21addc99e7dbfb2920555b1e729637"
    dependencies:
      "@babel/runtime" "^7.3.1"
      bn.js "4.11.8"
      web3-utils "1.0.0-beta.55"
  
  web3-eth-personal@1.0.0-beta.55:
    version "1.0.0-beta.55"
    resolved "https://registry.yarnpkg.com/web3-eth-personal/-/web3-eth-personal-1.0.0-beta.55.tgz#76e9d2da1501ee3c686751e7c7df63cc11793a1d"
    dependencies:
      "@babel/runtime" "^7.3.1"
      web3-core "1.0.0-beta.55"
      web3-core-helpers "1.0.0-beta.55"
      web3-core-method "1.0.0-beta.55"
      web3-eth-accounts "1.0.0-beta.55"
      web3-net "1.0.0-beta.55"
      web3-providers "1.0.0-beta.55"
      web3-utils "1.0.0-beta.55"
  
  web3-eth@1.0.0-beta.55:
    version "1.0.0-beta.55"
    resolved "https://registry.yarnpkg.com/web3-eth/-/web3-eth-1.0.0-beta.55.tgz#bb52150df0a77bd13511449a53793d4eb23ade6e"
    dependencies:
      "@babel/runtime" "^7.3.1"
      ethereumjs-tx "^1.3.7"
      rxjs "^6.4.0"
      web3-core "1.0.0-beta.55"
      web3-core-helpers "1.0.0-beta.55"
      web3-core-method "1.0.0-beta.55"
      web3-core-subscriptions "1.0.0-beta.55"
      web3-eth-abi "1.0.0-beta.55"
      web3-eth-accounts "1.0.0-beta.55"
      web3-eth-contract "1.0.0-beta.55"
      web3-eth-ens "1.0.0-beta.55"
      web3-eth-iban "1.0.0-beta.55"
      web3-eth-personal "1.0.0-beta.55"
      web3-net "1.0.0-beta.55"
      web3-providers "1.0.0-beta.55"
      web3-utils "1.0.0-beta.55"
  
  web3-net@1.0.0-beta.55:
    version "1.0.0-beta.55"
    resolved "https://registry.yarnpkg.com/web3-net/-/web3-net-1.0.0-beta.55.tgz#daf24323df16a890a0bac6c6eda48b6e8c7e96ef"
    dependencies:
      "@babel/runtime" "^7.3.1"
      lodash "^4.17.11"
      web3-core "1.0.0-beta.55"
      web3-core-helpers "1.0.0-beta.55"
      web3-core-method "1.0.0-beta.55"
      web3-providers "1.0.0-beta.55"
      web3-utils "1.0.0-beta.55"
  
  web3-providers@1.0.0-beta.55:
    version "1.0.0-beta.55"
    resolved "https://registry.yarnpkg.com/web3-providers/-/web3-providers-1.0.0-beta.55.tgz#639503517741b69baaa82f1f940630df6a25992b"
    dependencies:
      "@babel/runtime" "^7.3.1"
      "@types/node" "^10.12.18"
      eventemitter3 "3.1.0"
      lodash "^4.17.11"
      url-parse "1.4.4"
      web3-core "1.0.0-beta.55"
      web3-core-helpers "1.0.0-beta.55"
      web3-core-method "1.0.0-beta.55"
      web3-utils "1.0.0-beta.55"
      websocket "^1.0.28"
      xhr2-cookies "1.1.0"
  
  web3-shh@1.0.0-beta.55:
    version "1.0.0-beta.55"
    resolved "https://registry.yarnpkg.com/web3-shh/-/web3-shh-1.0.0-beta.55.tgz#56f152ebcefb791dab86d2e6f1c296f8c1553644"
    dependencies:
      "@babel/runtime" "^7.3.1"
      web3-core "1.0.0-beta.55"
      web3-core-helpers "1.0.0-beta.55"
      web3-core-method "1.0.0-beta.55"
      web3-core-subscriptions "1.0.0-beta.55"
      web3-net "1.0.0-beta.55"
      web3-providers "1.0.0-beta.55"
      web3-utils "1.0.0-beta.55"
  
  web3-utils@1.0.0-beta.55:
    version "1.0.0-beta.55"
    resolved "https://registry.yarnpkg.com/web3-utils/-/web3-utils-1.0.0-beta.55.tgz#beb40926b7c04208b752d36a9bc959d27a04b308"
    dependencies:
      "@babel/runtime" "^7.3.1"
      "@types/bn.js" "^4.11.4"
      "@types/node" "^10.12.18"
      bn.js "4.11.8"
      eth-lib "0.2.8"
      ethjs-unit "^0.1.6"
      lodash "^4.17.11"
      number-to-bn "1.7.0"
      randombytes "^2.1.0"
      utf8 "2.1.1"
  
  web3@^1.0.0-beta.37:
    version "1.0.0-beta.55"
    resolved "https://registry.yarnpkg.com/web3/-/web3-1.0.0-beta.55.tgz#8845075129299da172c2eb41a748c8a87c2a2b5a"
    dependencies:
      "@babel/runtime" "^7.3.1"
      "@types/node" "^10.12.18"
      web3-core "1.0.0-beta.55"
      web3-eth "1.0.0-beta.55"
      web3-eth-personal "1.0.0-beta.55"
      web3-net "1.0.0-beta.55"
      web3-providers "1.0.0-beta.55"
      web3-shh "1.0.0-beta.55"
      web3-utils "1.0.0-beta.55"
  
  websocket@^1.0.28:
    version "1.0.28"
    resolved "https://registry.yarnpkg.com/websocket/-/websocket-1.0.28.tgz#9e5f6fdc8a3fe01d4422647ef93abdd8d45a78d3"
    dependencies:
      debug "^2.2.0"
      nan "^2.11.0"
      typedarray-to-buffer "^3.1.5"
      yaeti "^0.0.6"
  
  wrappy@1:
    version "1.0.2"
    resolved "https://registry.yarnpkg.com/wrappy/-/wrappy-1.0.2.tgz#b5243d8f3ec1aa35f1364605bc0d1036e30ab69f"
  
  xhr-request-promise@^0.1.2:
    version "0.1.2"
    resolved "https://registry.yarnpkg.com/xhr-request-promise/-/xhr-request-promise-0.1.2.tgz#343c44d1ee7726b8648069682d0f840c83b4261d"
    dependencies:
      xhr-request "^1.0.1"
  
  xhr-request@^1.0.1:
    version "1.1.0"
    resolved "https://registry.yarnpkg.com/xhr-request/-/xhr-request-1.1.0.tgz#f4a7c1868b9f198723444d82dcae317643f2e2ed"
    dependencies:
      buffer-to-arraybuffer "^0.0.5"
      object-assign "^4.1.1"
      query-string "^5.0.1"
      simple-get "^2.7.0"
      timed-out "^4.0.1"
      url-set-query "^1.0.0"
      xhr "^2.0.4"
  
  xhr2-cookies@1.1.0:
    version "1.1.0"
    resolved "https://registry.yarnpkg.com/xhr2-cookies/-/xhr2-cookies-1.1.0.tgz#7d77449d0999197f155cb73b23df72505ed89d48"
    dependencies:
      cookiejar "^2.1.1"
  
  xhr@^2.0.4:
    version "2.5.0"
    resolved "https://registry.yarnpkg.com/xhr/-/xhr-2.5.0.tgz#bed8d1676d5ca36108667692b74b316c496e49dd"
    dependencies:
      global "~4.3.0"
      is-function "^1.0.1"
      parse-headers "^2.0.0"
      xtend "^4.0.0"
  
  xmlhttprequest@1.8.0:
    version "1.8.0"
    resolved "https://registry.yarnpkg.com/xmlhttprequest/-/xmlhttprequest-1.8.0.tgz#67fe075c5c24fef39f9d65f5f7b7fe75171968fc"
  
  xtend@^4.0.0:
    version "4.0.1"
    resolved "https://registry.yarnpkg.com/xtend/-/xtend-4.0.1.tgz#a5c6d532be656e23db820efb943a1f04998d63af"
  
  yaeti@^0.0.6:
    version "0.0.6"
    resolved "https://registry.yarnpkg.com/yaeti/-/yaeti-0.0.6.tgz#f26f484d72684cf42bedfb76970aa1608fbf9577"

Trace: 
  Error: Command "start" not found.
      at new MessageError (/usr/local/Cellar/yarn/1.5.1_1/libexec/lib/cli.js:186:110)
      at /usr/local/Cellar/yarn/1.5.1_1/libexec/lib/cli.js:87307:17
      at Generator.next (<anonymous>)
      at step (/usr/local/Cellar/yarn/1.5.1_1/libexec/lib/cli.js:98:30)
      at /usr/local/Cellar/yarn/1.5.1_1/libexec/lib/cli.js:116:14
      at new Promise (<anonymous>)
      at new F (/usr/local/Cellar/yarn/1.5.1_1/libexec/lib/cli.js:23451:28)
      at /usr/local/Cellar/yarn/1.5.1_1/libexec/lib/cli.js:95:12
      at runCommand (/usr/local/Cellar/yarn/1.5.1_1/libexec/lib/cli.js:87312:22)
      at Object.<anonymous> (/usr/local/Cellar/yarn/1.5.1_1/libexec/lib/cli.js:87412:14)
